# JRE version: Java(TM) SE Runtime Environment (23.0.2+7) (build 23.0.2+7-58)
# Java VM: Java HotSpot(TM) 64-Bit Server VM (23.0.2+7-58, mixed mode, sharing, tiered, compressed oops, compressed class ptrs, g1 gc, windows-amd64)
GC Precious Log:
 CardTable entry size: 512
 Card Set container configuration: InlinePtr #cards 5 size 8 Array Of Cards #cards 10 size 36 Howl #buckets 4 coarsen threshold 1843 Howl Bitmap #cards 512 size 80 coarsen threshold 460 Card regions per heap region 1 cards per card region 2048
 CPUs: 8 total, 8 available
 Memory: 15984M
 Large Page Support: Disabled
 NUMA Support: Disabled
 Compressed Oops: Enabled (32-bit)
 Heap Region Size: 1M
 Heap Min Capacity: 8M
 Heap Initial Capacity: 250M
 Heap Max Capacity: 2G
 Pre-touch: Disabled
 Parallel Workers: 8
 Concurrent Workers: 2
 Concurrent Refinement Workers: 8
 Periodic GC: Disabled
Heap:
 garbage-first heap   total reserved 2097152K, committed 316416K, used 235306K [0x0000000080000000, 0x0000000100000000)
  region size 1024K, 66 young (67584K), 9 survivors (9216K)
 Metaspace       used 150559K, committed 153024K, reserved 1245184K
  class space    used 20853K, committed 22016K, reserved 1048576K
GC Heap History (20 events):
Event: 75.324 GC heap before
{Heap before GC invocations=64 (full 0):
 garbage-first heap   total reserved 2097152K, committed 265216K, used 232659K [0x0000000080000000, 0x0000000100000000)
  region size 1024K, 81 young (82944K), 8 survivors (8192K)
 Metaspace       used 139608K, committed 142016K, reserved 1179648K
  class space    used 19948K, committed 21056K, reserved 1048576K
}
Event: 75.351 GC heap after
{Heap after GC invocations=65 (full 0):
 garbage-first heap   total reserved 2097152K, committed 265216K, used 163175K [0x0000000080000000, 0x0000000100000000)
  region size 1024K, 10 young (10240K), 10 survivors (10240K)
 Metaspace       used 139608K, committed 142016K, reserved 1179648K
  class space    used 19948K, committed 21056K, reserved 1048576K
}
Event: 80.525 GC heap before
{Heap before GC invocations=65 (full 0):
 garbage-first heap   total reserved 2097152K, committed 265216K, used 263527K [0x0000000080000000, 0x0000000100000000)
  region size 1024K, 72 young (73728K), 10 survivors (10240K)
 Metaspace       used 143889K, committed 146304K, reserved 1179648K
  class space    used 20470K, committed 21568K, reserved 1048576K
}
Event: 80.544 GC heap after
{Heap after GC invocations=66 (full 0):
 garbage-first heap   total reserved 2097152K, committed 274432K, used 141280K [0x0000000080000000, 0x0000000100000000)
  region size 1024K, 2 young (2048K), 2 survivors (2048K)
 Metaspace       used 143889K, committed 146304K, reserved 1179648K
  class space    used 20470K, committed 21568K, reserved 1048576K
}
Event: 665.589 GC heap before
{Heap before GC invocations=66 (full 0):
 garbage-first heap   total reserved 2097152K, committed 274432K, used 248800K [0x0000000080000000, 0x0000000100000000)
  region size 1024K, 108 young (110592K), 2 survivors (2048K)
 Metaspace       used 148648K, committed 151104K, reserved 1179648K
  class space    used 20856K, committed 22016K, reserved 1048576K
}
Event: 665.602 GC heap after
{Heap after GC invocations=67 (full 0):
 garbage-first heap   total reserved 2097152K, committed 274432K, used 147550K [0x0000000080000000, 0x0000000100000000)
  region size 1024K, 9 young (9216K), 9 survivors (9216K)
 Metaspace       used 148648K, committed 151104K, reserved 1179648K
  class space    used 20856K, committed 22016K, reserved 1048576K
}
Event: 667.377 GC heap before
{Heap before GC invocations=68 (full 0):
 garbage-first heap   total reserved 2097152K, committed 274432K, used 253022K [0x0000000080000000, 0x0000000100000000)
  region size 1024K, 98 young (100352K), 9 survivors (9216K)
 Metaspace       used 148825K, committed 151296K, reserved 1179648K
  class space    used 20844K, committed 22016K, reserved 1048576K
}
Event: 667.396 GC heap after
{Heap after GC invocations=69 (full 0):
 garbage-first heap   total reserved 2097152K, committed 274432K, used 151009K [0x0000000080000000, 0x0000000100000000)
  region size 1024K, 12 young (12288K), 12 survivors (12288K)
 Metaspace       used 148825K, committed 151296K, reserved 1179648K
  class space    used 20844K, committed 22016K, reserved 1048576K
}
Event: 672.402 GC heap before
{Heap before GC invocations=69 (full 0):
 garbage-first heap   total reserved 2097152K, committed 274432K, used 247265K [0x0000000080000000, 0x0000000100000000)
  region size 1024K, 103 young (105472K), 12 survivors (12288K)
 Metaspace       used 149424K, committed 151872K, reserved 1179648K
  class space    used 20869K, committed 22016K, reserved 1048576K
}
Event: 672.431 GC heap after
{Heap after GC invocations=70 (full 0):
 garbage-first heap   total reserved 2097152K, committed 274432K, used 150436K [0x0000000080000000, 0x0000000100000000)
  region size 1024K, 13 young (13312K), 13 survivors (13312K)
 Metaspace       used 149424K, committed 151872K, reserved 1179648K
  class space    used 20869K, committed 22016K, reserved 1048576K
}
Event: 673.726 GC heap before
{Heap before GC invocations=70 (full 0):
 garbage-first heap   total reserved 2097152K, committed 274432K, used 244644K [0x0000000080000000, 0x0000000100000000)
  region size 1024K, 105 young (107520K), 13 survivors (13312K)
 Metaspace       used 149936K, committed 152384K, reserved 1245184K
  class space    used 20892K, committed 22016K, reserved 1048576K
}
Event: 673.757 GC heap after
{Heap after GC invocations=71 (full 0):
 garbage-first heap   total reserved 2097152K, committed 274432K, used 164067K [0x0000000080000000, 0x0000000100000000)
  region size 1024K, 13 young (13312K), 13 survivors (13312K)
 Metaspace       used 149936K, committed 152384K, reserved 1245184K
  class space    used 20892K, committed 22016K, reserved 1048576K
}
Event: 675.078 GC heap before
{Heap before GC invocations=72 (full 0):
 garbage-first heap   total reserved 2097152K, committed 275456K, used 247011K [0x0000000080000000, 0x0000000100000000)
  region size 1024K, 93 young (95232K), 13 survivors (13312K)
 Metaspace       used 150372K, committed 152768K, reserved 1245184K
  class space    used 20894K, committed 22016K, reserved 1048576K
}
Event: 675.098 GC heap after
{Heap after GC invocations=73 (full 0):
 garbage-first heap   total reserved 2097152K, committed 275456K, used 173344K [0x0000000080000000, 0x0000000100000000)
  region size 1024K, 10 young (10240K), 10 survivors (10240K)
 Metaspace       used 150372K, committed 152768K, reserved 1245184K
  class space    used 20894K, committed 22016K, reserved 1048576K
}
Event: 676.065 GC heap before
{Heap before GC invocations=73 (full 0):
 garbage-first heap   total reserved 2097152K, committed 275456K, used 253216K [0x0000000080000000, 0x0000000100000000)
  region size 1024K, 85 young (87040K), 10 survivors (10240K)
 Metaspace       used 150603K, committed 153024K, reserved 1245184K
  class space    used 20896K, committed 22016K, reserved 1048576K
}
Event: 676.083 GC heap after
{Heap after GC invocations=74 (full 0):
 garbage-first heap   total reserved 2097152K, committed 275456K, used 155355K [0x0000000080000000, 0x0000000100000000)
  region size 1024K, 2 young (2048K), 2 survivors (2048K)
 Metaspace       used 150603K, committed 153024K, reserved 1245184K
  class space    used 20896K, committed 22016K, reserved 1048576K
}
Event: 676.226 GC heap before
{Heap before GC invocations=74 (full 0):
 garbage-first heap   total reserved 2097152K, committed 275456K, used 160475K [0x0000000080000000, 0x0000000100000000)
  region size 1024K, 9 young (9216K), 2 survivors (2048K)
 Metaspace       used 150615K, committed 153024K, reserved 1245184K
  class space    used 20896K, committed 22016K, reserved 1048576K
}
Event: 676.229 GC heap after
{Heap after GC invocations=75 (full 0):
 garbage-first heap   total reserved 2097152K, committed 275456K, used 154904K [0x0000000080000000, 0x0000000100000000)
  region size 1024K, 2 young (2048K), 2 survivors (2048K)
 Metaspace       used 150615K, committed 153024K, reserved 1245184K
  class space    used 20896K, committed 22016K, reserved 1048576K
}
Event: 891.466 GC heap before
{Heap before GC invocations=76 (full 0):
 garbage-first heap   total reserved 2097152K, committed 316416K, used 282904K [0x0000000080000000, 0x0000000100000000)
  region size 1024K, 95 young (97280K), 2 survivors (2048K)
 Metaspace       used 150429K, committed 152896K, reserved 1245184K
  class space    used 20853K, committed 22016K, reserved 1048576K
}
Event: 891.482 GC heap after
{Heap after GC invocations=77 (full 0):
 garbage-first heap   total reserved 2097152K, committed 316416K, used 161578K [0x0000000080000000, 0x0000000100000000)
  region size 1024K, 9 young (9216K), 9 survivors (9216K)
 Metaspace       used 150429K, committed 152896K, reserved 1245184K
  class space    used 20853K, committed 22016K, reserved 1048576K
}

